2019-07-09 11:40:33,045 [X-Request-ID:6e6a17e57ab74618b3eb5f4f253cbea5] [X-Message-ID:f70651ee-dabc-4023-a551-972bd89273be] [ObjectMessageID:SCS-0001] [5] INFO  _logger [ActionType:(null)] [TicketRef:(null)] [ExternalTicketNo:(null)] [sourceId:(null)] [SourceSystemId:(null)] [X-WMS-source-id:(null)] [X-WMS-source-system-id:(null)] [CreatorTaskId:(null)] - Begin UpdateTaskByTicketRef request.
2019-07-09 11:40:33,457 [X-Request-ID:6e6a17e57ab74618b3eb5f4f253cbea5] [X-Message-ID:f70651ee-dabc-4023-a551-972bd89273be] [ObjectMessageID:] [5] INFO  _logger [ActionType:(null)] [TicketRef:(null)] [ExternalTicketNo:(null)] [sourceId:(null)] [SourceSystemId:(null)] [X-WMS-source-id:(null)] [X-WMS-source-system-id:(null)] [CreatorTaskId:(null)] - The request had: {"TicketRef":"2661023-8","SourceId":"CAIW","SourceSystemId":"CRS","CreationTime":"2019-05-29T01:55:11.87Z","ExternalTicketNo":"AS2019062501","RelatedIssue":"","Subject":"Testing for CAIW task 3","Status":{"MainStatus":"CANCELLED","SubStatus":"CANCEL-EXPIRED"},"Planned":{"From":"2019-09-04T14:18:00+07:00","Period":"MORNING","Time":{"fromTime":"0001-01-01T00:00:00","toTime":"0001-01-01T00:00:00"},"Till":"2019-09-30T00:00:00+07:00"},"StatusCode":{"Code":"C91","Text":"This is text for status code"},"WishDate":"2019-12-15T14:18:00+07:00","Originator":"originator","Contractant":"contractant","readonly":true,"UpdateCount":1,"Prio1":null,"Prio2":null,"Prio3":{"Affected":[{"Contact":{"PersonName":{"FirstName":"Danh","Intercalation":"Huu","LastName":"Nguyen"},"PhoneNumber":"0799063688","AdditionalphoneNumber":"0829279791","Email":"danh.nguyen@infodation.vn"},"Department":{"Organisation":"CAIW","Name":"NOC","Email":["a@gmail.com"],"PhoneNo":["0799063688"]},"Address":{"Street":"50 Le Thanh Ton","HouseNumber":{"Value":55,"Extension":""},"ZipCode":"8888EE","Room":"1","City":"Nha Trang","Country":"Viet Nam"}}],"Ftu":["1"],"Closure":{"Category":{"Level1":0,"Level2":2,"Level3":3},"Description":"description of closure"},"ActiveEquipmentEndpoint":{"PopName":"dn-16","Row":18,"Frame":66,"Block":"88","OdfTray":68,"Port":"86"},"TechnicalPath":{"PopName":"dn-18","Row":16,"Frame":66,"Block":"88","OdfTray":68,"OdfPosition":86,"Description":"88"},"Priority":3,"Analysis":{"Code":["1"]},"DomainPermission":"CityRing-1V_OUTAGE","ProblemDescription":"prob for meassage three","FiberCode":"FIBER_A","NetworkType":"FttH","TypeOfBuilding":"Building T03","ThroughputDependency":true,"Attenuation":"10","CableInfo":[{"CableId":"1","CableType":"FttH"}],"GpsLocation":[{"Latitude":"1110.16","Longitude":"1110.16"}],"MechanicOnSite":false,"DeliveryIssue":false,"Comment":[{"WmsTaskId":"123","HuurderOrderId":"123","BeheerderOrderId":"213","Party":"string","Author":{"FirstName":"1","Intercalation":"1","LastName":"1"},"Source":{"Id":"CAIW","SystemId":"CRS"},"Created":"2019-06-27T01:55:11.871Z","Note":"Test CAIW Styx2 sender task AS from CRS adapter to CAIW CRS, Updated"}],"ExecutorEnd":"2019-05-29T01:55:11.871Z"},"Prio4":null,"PrioBasic":null,"PrioPremium":null}
2019-07-09 11:40:33,838 [X-Request-ID:6e6a17e57ab74618b3eb5f4f253cbea5] [X-Message-ID:f70651ee-dabc-4023-a551-972bd89273be] [ObjectMessageID:] [5] INFO  _logger [ActionType:UpdateTaskByTicketRef] [TicketRef:2661023-8] [ExternalTicketNo:AS2019062501] [sourceId:CAIW] [SourceSystemId:CRS] [X-WMS-source-id:(null)] [X-WMS-source-system-id:(null)] [CreatorTaskId:(null)] - CRSSender is sending message (OUT_MESSAGE) -> 
  <?xml version="1.0" encoding="utf-16"?>
<s:Envelope xmlns:s="http://schemas.xmlsoap.org/soap/envelope/">
  <s:Header>
    <Action s:mustUnderstand="1" xmlns="http://schemas.microsoft.com/ws/2005/05/addressing/none">urn:TicketServiceIntf-TicketService#searchOne</Action>
  </s:Header>
  <s:Body xmlns:xsi="http://www.w3.org/2001/XMLSchema-instance" xmlns:xsd="http://www.w3.org/2001/XMLSchema">
    <q1:searchOne xmlns:q1="urn:TicketServiceIntf-TicketService">
      <Ticket_Nummer xsi:type="xsd:string">2661023-8</Ticket_Nummer>
    </q1:searchOne>
  </s:Body>
</s:Envelope>
2019-07-09 11:41:34,604 [X-Request-ID:6e6a17e57ab74618b3eb5f4f253cbea5] [X-Message-ID:f70651ee-dabc-4023-a551-972bd89273be] [ObjectMessageID:] [5] WARN  _logger [ActionType:UpdateTaskByTicketRef] [TicketRef:2661023-8] [ExternalTicketNo:AS2019062501] [sourceId:CAIW] [SourceSystemId:CRS] [X-WMS-source-id:(null)] [X-WMS-source-system-id:(null)] [CreatorTaskId:(null)] - The request channel timed out attempting to send after 00:01:00. Increase the timeout value passed to the call to Request or increase the SendTimeout value on the Binding. The time allotted to this operation may have been a portion of a longer timeout.
System.AggregateException: One or more errors occurred. (The request channel timed out attempting to send after 00:01:00. Increase the timeout value passed to the call to Request or increase the SendTimeout value on the Binding. The time allotted to this operation may have been a portion of a longer timeout.) ---> System.TimeoutException: The request channel timed out attempting to send after 00:01:00. Increase the timeout value passed to the call to Request or increase the SendTimeout value on the Binding. The time allotted to this operation may have been a portion of a longer timeout. ---> System.TimeoutException: The HTTP request to 'https://api-test.caiw.net/CRSservice/soap/TicketService' has exceeded the allotted timeout of 00:01:00. The time allotted to this operation may have been a portion of a longer timeout.
   at System.ServiceModel.Channels.HttpChannelFactory`1.HttpClientRequestChannel.HttpClientChannelAsyncRequest.SendRequestAsync(Message message, TimeoutHelper timeoutHelper)
   at System.ServiceModel.Channels.RequestChannel.RequestAsync(Message message, TimeSpan timeout)
   --- End of inner exception stack trace ---
   at System.Runtime.AsyncResult.End[TAsyncResult](IAsyncResult result)
   at System.ServiceModel.Channels.ServiceChannel.SendAsyncResult.End(SendAsyncResult result)
   at System.ServiceModel.Channels.ServiceChannel.EndCall(String action, Object[] outs, IAsyncResult result)
   at System.ServiceModel.Channels.ServiceChannelProxy.TaskCreator.<>c__DisplayClass1_0.<CreateGenericTask>b__0(IAsyncResult asyncResult)
   --- End of inner exception stack trace ---
   at System.Threading.Tasks.Task`1.GetResultCore(Boolean waitCompletionNotification)
   at styx2_crs_send.Handle.CRSClient.Search(TaskModel TaskModel) in D:\git\ifd\Styx2\styx2-crs-send\styx2-crs-send\styx2-crs-send\Handle\CRSClient.cs:line 107
---> (Inner Exception #0) System.TimeoutException: The request channel timed out attempting to send after 00:01:00. Increase the timeout value passed to the call to Request or increase the SendTimeout value on the Binding. The time allotted to this operation may have been a portion of a longer timeout. ---> System.TimeoutException: The HTTP request to 'https://api-test.caiw.net/CRSservice/soap/TicketService' has exceeded the allotted timeout of 00:01:00. The time allotted to this operation may have been a portion of a longer timeout.
   at System.ServiceModel.Channels.HttpChannelFactory`1.HttpClientRequestChannel.HttpClientChannelAsyncRequest.SendRequestAsync(Message message, TimeoutHelper timeoutHelper)
   at System.ServiceModel.Channels.RequestChannel.RequestAsync(Message message, TimeSpan timeout)
   --- End of inner exception stack trace ---
   at System.Runtime.AsyncResult.End[TAsyncResult](IAsyncResult result)
   at System.ServiceModel.Channels.ServiceChannel.SendAsyncResult.End(SendAsyncResult result)
   at System.ServiceModel.Channels.ServiceChannel.EndCall(String action, Object[] outs, IAsyncResult result)
   at System.ServiceModel.Channels.ServiceChannelProxy.TaskCreator.<>c__DisplayClass1_0.<CreateGenericTask>b__0(IAsyncResult asyncResult)<---

2019-07-09 11:41:47,677 [X-Request-ID:6e6a17e57ab74618b3eb5f4f253cbea5] [X-Message-ID:f70651ee-dabc-4023-a551-972bd89273be] [ObjectMessageID:SCS-0012] [5] WARN  _logger [ActionType:UpdateTaskByTicketRef] [TicketRef:2661023-8] [ExternalTicketNo:AS2019062501] [sourceId:CAIW] [SourceSystemId:CRS] [X-WMS-source-id:(null)] [X-WMS-source-system-id:(null)] [CreatorTaskId:(null)] - Failed to run getTaskByIdAsync with TicketRef 2661023-8 caused by exception: The request channel timed out attempting to send after 00:01:00. Increase the timeout value passed to the call to Request or increase the SendTimeout value on the Binding. The time allotted to this operation may have been a portion of a longer timeout.
